<?xml version="1.0" encoding="UTF-8"?>
<!-- Generated by org.testng.reporters.JUnitXMLReporter -->
<testsuite hostname="a" name="ChromeTest" tests="101" failures="0" timestamp="4 Jan 2021 11:58:17 GMT" time="21.556" errors="0">
  <testcase name="@BeforeTest setUp" time="0.0" classname="testScripts.ValetParking">
    <failure type="org.openqa.selenium.WebDriverException" message="chrome not reachable
  (Session info: chrome=87.0.4280.88)
Build info: version: &amp;apos;3.141.59&amp;apos;, revision: &amp;apos;e82be7d358&amp;apos;, time: &amp;apos;2018-11-14T08:17:03&amp;apos;
System info: host: &amp;apos;A&amp;apos;, ip: &amp;apos;192.168.29.210&amp;apos;, os.name: &amp;apos;Windows 10&amp;apos;, os.arch: &amp;apos;amd64&amp;apos;, os.version: &amp;apos;10.0&amp;apos;, java.version: &amp;apos;1.8.0_251&amp;apos;
Driver info: org.openqa.selenium.chrome.ChromeDriver
Capabilities {acceptInsecureCerts: false, browserName: chrome, browserVersion: 87.0.4280.88, chrome: {chromedriverVersion: 86.0.4240.22 (398b0743353ff..., userDataDir: C:\Users\admin\AppData\Loca...}, goog:chromeOptions: {debuggerAddress: localhost:50558}, javascriptEnabled: true, networkConnectionEnabled: false, pageLoadStrategy: normal, platform: WINDOWS, platformName: WINDOWS, proxy: Proxy(), setWindowRect: true, strictFileInteractability: false, timeouts: {implicit: 0, pageLoad: 300000, script: 30000}, unhandledPromptBehavior: dismiss and notify, webauthn:virtualAuthenticators: true}
Session ID: d770df6c6841168e4a54699522518049">
      <![CDATA[org.openqa.selenium.WebDriverException: chrome not reachable
  (Session info: chrome=87.0.4280.88)
Build info: version: '3.141.59', revision: 'e82be7d358', time: '2018-11-14T08:17:03'
System info: host: 'A', ip: '192.168.29.210', os.name: 'Windows 10', os.arch: 'amd64', os.version: '10.0', java.version: '1.8.0_251'
Driver info: org.openqa.selenium.chrome.ChromeDriver
Capabilities {acceptInsecureCerts: false, browserName: chrome, browserVersion: 87.0.4280.88, chrome: {chromedriverVersion: 86.0.4240.22 (398b0743353ff..., userDataDir: C:\Users\admin\AppData\Loca...}, goog:chromeOptions: {debuggerAddress: localhost:50558}, javascriptEnabled: true, networkConnectionEnabled: false, pageLoadStrategy: normal, platform: WINDOWS, platformName: WINDOWS, proxy: Proxy(), setWindowRect: true, strictFileInteractability: false, timeouts: {implicit: 0, pageLoad: 300000, script: 30000}, unhandledPromptBehavior: dismiss and notify, webauthn:virtualAuthenticators: true}
Session ID: d770df6c6841168e4a54699522518049
	at org.openqa.selenium.remote.http.W3CHttpResponseCodec.createException(W3CHttpResponseCodec.java:187)
	at org.openqa.selenium.remote.http.W3CHttpResponseCodec.decode(W3CHttpResponseCodec.java:122)
	at org.openqa.selenium.remote.http.W3CHttpResponseCodec.decode(W3CHttpResponseCodec.java:49)
	at org.openqa.selenium.remote.HttpCommandExecutor.execute(HttpCommandExecutor.java:158)
	at org.openqa.selenium.remote.service.DriverCommandExecutor.execute(DriverCommandExecutor.java:83)
	at org.openqa.selenium.remote.RemoteWebDriver.execute(RemoteWebDriver.java:552)
	at org.openqa.selenium.remote.RemoteWebDriver.execute(RemoteWebDriver.java:609)
	at org.openqa.selenium.remote.RemoteWebDriver$RemoteWebDriverOptions$RemoteWindow.maximize(RemoteWebDriver.java:837)
	at configuration.BaseClass.setUp(BaseClass.java:55)
... Removed 27 stack frames]]>
    </failure>
  </testcase> <!-- @BeforeTest setUp -->
  <testcase name="@AfterTest close_Browser" time="0.0" classname="testScripts.ValetParking">
    <skipped/>
  </testcase> <!-- @AfterTest close_Browser -->
  <testcase name="TC00" time="0.003" classname="testScripts.ValetParking">
    <skipped/>
  </testcase> <!-- TC00 -->
  <testcase name="TC01" time="0.008" classname="testScripts.ValetParking">
    <skipped/>
  </testcase> <!-- TC01 -->
  <testcase name="TC02" time="0.002" classname="testScripts.ValetParking">
    <skipped/>
  </testcase> <!-- TC02 -->
  <testcase name="TC03" time="0.003" classname="testScripts.ValetParking">
    <skipped/>
  </testcase> <!-- TC03 -->
  <testcase name="TC04" time="0.002" classname="testScripts.ValetParking">
    <skipped/>
  </testcase> <!-- TC04 -->
  <testcase name="TC05" time="0.001" classname="testScripts.ValetParking">
    <skipped/>
  </testcase> <!-- TC05 -->
  <testcase name="TC06" time="0.002" classname="testScripts.ValetParking">
    <skipped/>
  </testcase> <!-- TC06 -->
  <testcase name="TC07" time="0.002" classname="testScripts.ValetParking">
    <skipped/>
  </testcase> <!-- TC07 -->
  <testcase name="TC08" time="0.002" classname="testScripts.ValetParking">
    <skipped/>
  </testcase> <!-- TC08 -->
  <testcase name="TC09" time="0.001" classname="testScripts.ValetParking">
    <skipped/>
  </testcase> <!-- TC09 -->
  <testcase name="TC10" time="0.002" classname="testScripts.ValetParking">
    <skipped/>
  </testcase> <!-- TC10 -->
  <testcase name="TC11" time="0.002" classname="testScripts.ValetParking">
    <skipped/>
  </testcase> <!-- TC11 -->
  <testcase name="TC12" time="0.001" classname="testScripts.ValetParking">
    <skipped/>
  </testcase> <!-- TC12 -->
  <testcase name="TC13" time="0.002" classname="testScripts.ValetParking">
    <skipped/>
  </testcase> <!-- TC13 -->
  <testcase name="TC14" time="0.001" classname="testScripts.ValetParking">
    <skipped/>
  </testcase> <!-- TC14 -->
  <testcase name="TC15" time="0.001" classname="testScripts.ValetParking">
    <skipped/>
  </testcase> <!-- TC15 -->
  <testcase name="TC16" time="0.001" classname="testScripts.ValetParking">
    <skipped/>
  </testcase> <!-- TC16 -->
  <testcase name="TC17" time="0.002" classname="testScripts.ValetParking">
    <skipped/>
  </testcase> <!-- TC17 -->
  <testcase name="TC18" time="0.0" classname="testScripts.ValetParking">
    <skipped/>
  </testcase> <!-- TC18 -->
  <testcase name="TC19" time="0.001" classname="testScripts.ValetParking">
    <skipped/>
  </testcase> <!-- TC19 -->
  <testcase name="TC20" time="0.001" classname="testScripts.ValetParking">
    <skipped/>
  </testcase> <!-- TC20 -->
  <testcase name="TC01" time="0.002" classname="testScripts.ShortTermHourly">
    <skipped/>
  </testcase> <!-- TC01 -->
  <testcase name="TC02" time="0.001" classname="testScripts.ShortTermHourly">
    <skipped/>
  </testcase> <!-- TC02 -->
  <testcase name="TC03" time="0.001" classname="testScripts.ShortTermHourly">
    <skipped/>
  </testcase> <!-- TC03 -->
  <testcase name="TC04" time="0.001" classname="testScripts.ShortTermHourly">
    <skipped/>
  </testcase> <!-- TC04 -->
  <testcase name="TC05" time="0.002" classname="testScripts.ShortTermHourly">
    <skipped/>
  </testcase> <!-- TC05 -->
  <testcase name="TC06" time="0.001" classname="testScripts.ShortTermHourly">
    <skipped/>
  </testcase> <!-- TC06 -->
  <testcase name="TC07" time="0.0" classname="testScripts.ShortTermHourly">
    <skipped/>
  </testcase> <!-- TC07 -->
  <testcase name="TC08" time="0.001" classname="testScripts.ShortTermHourly">
    <skipped/>
  </testcase> <!-- TC08 -->
  <testcase name="TC09" time="0.001" classname="testScripts.ShortTermHourly">
    <skipped/>
  </testcase> <!-- TC09 -->
  <testcase name="TC10" time="0.002" classname="testScripts.ShortTermHourly">
    <skipped/>
  </testcase> <!-- TC10 -->
  <testcase name="TC11" time="0.001" classname="testScripts.ShortTermHourly">
    <skipped/>
  </testcase> <!-- TC11 -->
  <testcase name="TC12" time="0.001" classname="testScripts.ShortTermHourly">
    <skipped/>
  </testcase> <!-- TC12 -->
  <testcase name="TC13" time="0.001" classname="testScripts.ShortTermHourly">
    <skipped/>
  </testcase> <!-- TC13 -->
  <testcase name="TC14" time="0.001" classname="testScripts.ShortTermHourly">
    <skipped/>
  </testcase> <!-- TC14 -->
  <testcase name="TC15" time="0.001" classname="testScripts.ShortTermHourly">
    <skipped/>
  </testcase> <!-- TC15 -->
  <testcase name="TC16" time="0.001" classname="testScripts.ShortTermHourly">
    <skipped/>
  </testcase> <!-- TC16 -->
  <testcase name="TC17" time="0.001" classname="testScripts.ShortTermHourly">
    <skipped/>
  </testcase> <!-- TC17 -->
  <testcase name="TC18" time="0.002" classname="testScripts.ShortTermHourly">
    <skipped/>
  </testcase> <!-- TC18 -->
  <testcase name="TC19" time="0.002" classname="testScripts.ShortTermHourly">
    <skipped/>
  </testcase> <!-- TC19 -->
  <testcase name="TC20" time="0.001" classname="testScripts.ShortTermHourly">
    <skipped/>
  </testcase> <!-- TC20 -->
  <testcase name="TC01" time="0.001" classname="testScripts.LongTermGarage">
    <skipped/>
  </testcase> <!-- TC01 -->
  <testcase name="TC02" time="0.001" classname="testScripts.LongTermGarage">
    <skipped/>
  </testcase> <!-- TC02 -->
  <testcase name="TC03" time="0.001" classname="testScripts.LongTermGarage">
    <skipped/>
  </testcase> <!-- TC03 -->
  <testcase name="TC04" time="0.002" classname="testScripts.LongTermGarage">
    <skipped/>
  </testcase> <!-- TC04 -->
  <testcase name="TC05" time="0.001" classname="testScripts.LongTermGarage">
    <skipped/>
  </testcase> <!-- TC05 -->
  <testcase name="TC06" time="0.001" classname="testScripts.LongTermGarage">
    <skipped/>
  </testcase> <!-- TC06 -->
  <testcase name="TC07" time="0.001" classname="testScripts.LongTermGarage">
    <skipped/>
  </testcase> <!-- TC07 -->
  <testcase name="TC08" time="0.001" classname="testScripts.LongTermGarage">
    <skipped/>
  </testcase> <!-- TC08 -->
  <testcase name="TC09" time="0.001" classname="testScripts.LongTermGarage">
    <skipped/>
  </testcase> <!-- TC09 -->
  <testcase name="TC10" time="0.001" classname="testScripts.LongTermGarage">
    <skipped/>
  </testcase> <!-- TC10 -->
  <testcase name="TC11" time="0.001" classname="testScripts.LongTermGarage">
    <skipped/>
  </testcase> <!-- TC11 -->
  <testcase name="TC12" time="0.001" classname="testScripts.LongTermGarage">
    <skipped/>
  </testcase> <!-- TC12 -->
  <testcase name="TC13" time="0.001" classname="testScripts.LongTermGarage">
    <skipped/>
  </testcase> <!-- TC13 -->
  <testcase name="TC14" time="0.001" classname="testScripts.LongTermGarage">
    <skipped/>
  </testcase> <!-- TC14 -->
  <testcase name="TC15" time="0.001" classname="testScripts.LongTermGarage">
    <skipped/>
  </testcase> <!-- TC15 -->
  <testcase name="TC16" time="0.001" classname="testScripts.LongTermGarage">
    <skipped/>
  </testcase> <!-- TC16 -->
  <testcase name="TC17" time="0.001" classname="testScripts.LongTermGarage">
    <skipped/>
  </testcase> <!-- TC17 -->
  <testcase name="TC18" time="0.001" classname="testScripts.LongTermGarage">
    <skipped/>
  </testcase> <!-- TC18 -->
  <testcase name="TC19" time="0.001" classname="testScripts.LongTermGarage">
    <skipped/>
  </testcase> <!-- TC19 -->
  <testcase name="TC20" time="0.001" classname="testScripts.LongTermGarage">
    <skipped/>
  </testcase> <!-- TC20 -->
  <testcase name="TC01" time="0.001" classname="testScripts.LongTermSurface">
    <skipped/>
  </testcase> <!-- TC01 -->
  <testcase name="TC02" time="0.001" classname="testScripts.LongTermSurface">
    <skipped/>
  </testcase> <!-- TC02 -->
  <testcase name="TC03" time="0.0" classname="testScripts.LongTermSurface">
    <skipped/>
  </testcase> <!-- TC03 -->
  <testcase name="TC04" time="0.001" classname="testScripts.LongTermSurface">
    <skipped/>
  </testcase> <!-- TC04 -->
  <testcase name="TC05" time="0.001" classname="testScripts.LongTermSurface">
    <skipped/>
  </testcase> <!-- TC05 -->
  <testcase name="TC06" time="0.001" classname="testScripts.LongTermSurface">
    <skipped/>
  </testcase> <!-- TC06 -->
  <testcase name="TC07" time="0.001" classname="testScripts.LongTermSurface">
    <skipped/>
  </testcase> <!-- TC07 -->
  <testcase name="TC08" time="0.001" classname="testScripts.LongTermSurface">
    <skipped/>
  </testcase> <!-- TC08 -->
  <testcase name="TC09" time="0.001" classname="testScripts.LongTermSurface">
    <skipped/>
  </testcase> <!-- TC09 -->
  <testcase name="TC10" time="0.0" classname="testScripts.LongTermSurface">
    <skipped/>
  </testcase> <!-- TC10 -->
  <testcase name="TC11" time="0.001" classname="testScripts.LongTermSurface">
    <skipped/>
  </testcase> <!-- TC11 -->
  <testcase name="TC12" time="0.001" classname="testScripts.LongTermSurface">
    <skipped/>
  </testcase> <!-- TC12 -->
  <testcase name="TC13" time="0.001" classname="testScripts.LongTermSurface">
    <skipped/>
  </testcase> <!-- TC13 -->
  <testcase name="TC14" time="0.001" classname="testScripts.LongTermSurface">
    <skipped/>
  </testcase> <!-- TC14 -->
  <testcase name="TC15" time="0.0" classname="testScripts.LongTermSurface">
    <skipped/>
  </testcase> <!-- TC15 -->
  <testcase name="TC16" time="0.001" classname="testScripts.LongTermSurface">
    <skipped/>
  </testcase> <!-- TC16 -->
  <testcase name="TC17" time="0.001" classname="testScripts.LongTermSurface">
    <skipped/>
  </testcase> <!-- TC17 -->
  <testcase name="TC18" time="0.0" classname="testScripts.LongTermSurface">
    <skipped/>
  </testcase> <!-- TC18 -->
  <testcase name="TC19" time="0.001" classname="testScripts.LongTermSurface">
    <skipped/>
  </testcase> <!-- TC19 -->
  <testcase name="TC20" time="0.001" classname="testScripts.LongTermSurface">
    <skipped/>
  </testcase> <!-- TC20 -->
  <testcase name="TC01" time="0.0" classname="testScripts.EconomyLot">
    <skipped/>
  </testcase> <!-- TC01 -->
  <testcase name="TC02" time="0.001" classname="testScripts.EconomyLot">
    <skipped/>
  </testcase> <!-- TC02 -->
  <testcase name="TC03" time="0.0" classname="testScripts.EconomyLot">
    <skipped/>
  </testcase> <!-- TC03 -->
  <testcase name="TC04" time="0.0" classname="testScripts.EconomyLot">
    <skipped/>
  </testcase> <!-- TC04 -->
  <testcase name="TC05" time="0.001" classname="testScripts.EconomyLot">
    <skipped/>
  </testcase> <!-- TC05 -->
  <testcase name="TC06" time="0.001" classname="testScripts.EconomyLot">
    <skipped/>
  </testcase> <!-- TC06 -->
  <testcase name="TC07" time="0.0" classname="testScripts.EconomyLot">
    <skipped/>
  </testcase> <!-- TC07 -->
  <testcase name="TC08" time="0.001" classname="testScripts.EconomyLot">
    <skipped/>
  </testcase> <!-- TC08 -->
  <testcase name="TC09" time="0.001" classname="testScripts.EconomyLot">
    <skipped/>
  </testcase> <!-- TC09 -->
  <testcase name="TC10" time="0.001" classname="testScripts.EconomyLot">
    <skipped/>
  </testcase> <!-- TC10 -->
  <testcase name="TC11" time="0.001" classname="testScripts.EconomyLot">
    <skipped/>
  </testcase> <!-- TC11 -->
  <testcase name="TC12" time="0.001" classname="testScripts.EconomyLot">
    <skipped/>
  </testcase> <!-- TC12 -->
  <testcase name="TC13" time="0.001" classname="testScripts.EconomyLot">
    <skipped/>
  </testcase> <!-- TC13 -->
  <testcase name="TC14" time="0.0" classname="testScripts.EconomyLot">
    <skipped/>
  </testcase> <!-- TC14 -->
  <testcase name="TC15" time="0.001" classname="testScripts.EconomyLot">
    <skipped/>
  </testcase> <!-- TC15 -->
  <testcase name="TC16" time="0.001" classname="testScripts.EconomyLot">
    <skipped/>
  </testcase> <!-- TC16 -->
  <testcase name="TC17" time="0.001" classname="testScripts.EconomyLot">
    <skipped/>
  </testcase> <!-- TC17 -->
  <testcase name="TC18" time="0.001" classname="testScripts.EconomyLot">
    <skipped/>
  </testcase> <!-- TC18 -->
  <testcase name="TC19" time="0.001" classname="testScripts.EconomyLot">
    <skipped/>
  </testcase> <!-- TC19 -->
  <testcase name="TC20" time="0.001" classname="testScripts.EconomyLot">
    <skipped/>
  </testcase> <!-- TC20 -->
</testsuite> <!-- ChromeTest -->
