<?xml version="1.0" encoding="UTF-8"?>
<!-- Generated by org.testng.reporters.JUnitXMLReporter -->
<testsuite hostname="a" name="FirefoxTest" tests="101" failures="0" timestamp="4 Jan 2021 11:58:42 GMT" time="24.87" errors="0">
  <testcase name="@BeforeTest setUp" time="0.0" classname="testScripts.ValetParking">
    <failure type="org.openqa.selenium.WebDriverException" message="Process unexpectedly closed with status 0
Build info: version: &amp;apos;3.141.59&amp;apos;, revision: &amp;apos;e82be7d358&amp;apos;, time: &amp;apos;2018-11-14T08:17:03&amp;apos;
System info: host: &amp;apos;A&amp;apos;, ip: &amp;apos;192.168.29.210&amp;apos;, os.name: &amp;apos;Windows 10&amp;apos;, os.arch: &amp;apos;amd64&amp;apos;, os.version: &amp;apos;10.0&amp;apos;, java.version: &amp;apos;1.8.0_251&amp;apos;
Driver info: driver.version: FirefoxDriver
remote stacktrace: ">
      <![CDATA[org.openqa.selenium.WebDriverException: Process unexpectedly closed with status 0
Build info: version: '3.141.59', revision: 'e82be7d358', time: '2018-11-14T08:17:03'
System info: host: 'A', ip: '192.168.29.210', os.name: 'Windows 10', os.arch: 'amd64', os.version: '10.0', java.version: '1.8.0_251'
Driver info: driver.version: FirefoxDriver
remote stacktrace: 
	at org.openqa.selenium.remote.W3CHandshakeResponse.lambda$errorHandler$0(W3CHandshakeResponse.java:62)
	at org.openqa.selenium.remote.HandshakeResponse.lambda$getResponseFunction$0(HandshakeResponse.java:30)
	at org.openqa.selenium.remote.ProtocolHandshake.lambda$createSession$0(ProtocolHandshake.java:126)
	at java.util.stream.ReferencePipeline$3$1.accept(ReferencePipeline.java:193)
	at java.util.Spliterators$ArraySpliterator.tryAdvance(Spliterators.java:958)
	at java.util.stream.ReferencePipeline.forEachWithCancel(ReferencePipeline.java:126)
	at java.util.stream.AbstractPipeline.copyIntoWithCancel(AbstractPipeline.java:499)
	at java.util.stream.AbstractPipeline.copyInto(AbstractPipeline.java:486)
	at java.util.stream.AbstractPipeline.wrapAndCopyInto(AbstractPipeline.java:472)
	at java.util.stream.FindOps$FindOp.evaluateSequential(FindOps.java:152)
	at java.util.stream.AbstractPipeline.evaluate(AbstractPipeline.java:234)
	at java.util.stream.ReferencePipeline.findFirst(ReferencePipeline.java:464)
	at org.openqa.selenium.remote.ProtocolHandshake.createSession(ProtocolHandshake.java:128)
	at org.openqa.selenium.remote.ProtocolHandshake.createSession(ProtocolHandshake.java:74)
	at org.openqa.selenium.remote.HttpCommandExecutor.execute(HttpCommandExecutor.java:136)
	at org.openqa.selenium.remote.service.DriverCommandExecutor.execute(DriverCommandExecutor.java:83)
	at org.openqa.selenium.remote.RemoteWebDriver.execute(RemoteWebDriver.java:552)
	at org.openqa.selenium.remote.RemoteWebDriver.startSession(RemoteWebDriver.java:213)
	at org.openqa.selenium.remote.RemoteWebDriver.<init>(RemoteWebDriver.java:131)
	at org.openqa.selenium.firefox.FirefoxDriver.<init>(FirefoxDriver.java:147)
	at org.openqa.selenium.firefox.FirefoxDriver.<init>(FirefoxDriver.java:125)
	at configuration.BaseClass.setUp(BaseClass.java:41)
... Removed 27 stack frames]]>
    </failure>
  </testcase> <!-- @BeforeTest setUp -->
  <testcase name="@AfterTest close_Browser" time="0.0" classname="testScripts.ValetParking">
    <skipped/>
  </testcase> <!-- @AfterTest close_Browser -->
  <testcase name="TC00" time="0.001" classname="testScripts.ValetParking">
    <skipped/>
  </testcase> <!-- TC00 -->
  <testcase name="TC01" time="0.003" classname="testScripts.ValetParking">
    <skipped/>
  </testcase> <!-- TC01 -->
  <testcase name="TC02" time="0.001" classname="testScripts.ValetParking">
    <skipped/>
  </testcase> <!-- TC02 -->
  <testcase name="TC03" time="0.001" classname="testScripts.ValetParking">
    <skipped/>
  </testcase> <!-- TC03 -->
  <testcase name="TC04" time="0.0" classname="testScripts.ValetParking">
    <skipped/>
  </testcase> <!-- TC04 -->
  <testcase name="TC05" time="0.002" classname="testScripts.ValetParking">
    <skipped/>
  </testcase> <!-- TC05 -->
  <testcase name="TC06" time="0.004" classname="testScripts.ValetParking">
    <skipped/>
  </testcase> <!-- TC06 -->
  <testcase name="TC07" time="0.001" classname="testScripts.ValetParking">
    <skipped/>
  </testcase> <!-- TC07 -->
  <testcase name="TC08" time="0.001" classname="testScripts.ValetParking">
    <skipped/>
  </testcase> <!-- TC08 -->
  <testcase name="TC09" time="0.004" classname="testScripts.ValetParking">
    <skipped/>
  </testcase> <!-- TC09 -->
  <testcase name="TC10" time="0.001" classname="testScripts.ValetParking">
    <skipped/>
  </testcase> <!-- TC10 -->
  <testcase name="TC11" time="0.001" classname="testScripts.ValetParking">
    <skipped/>
  </testcase> <!-- TC11 -->
  <testcase name="TC12" time="0.001" classname="testScripts.ValetParking">
    <skipped/>
  </testcase> <!-- TC12 -->
  <testcase name="TC13" time="0.003" classname="testScripts.ValetParking">
    <skipped/>
  </testcase> <!-- TC13 -->
  <testcase name="TC14" time="0.002" classname="testScripts.ValetParking">
    <skipped/>
  </testcase> <!-- TC14 -->
  <testcase name="TC15" time="0.002" classname="testScripts.ValetParking">
    <skipped/>
  </testcase> <!-- TC15 -->
  <testcase name="TC16" time="0.002" classname="testScripts.ValetParking">
    <skipped/>
  </testcase> <!-- TC16 -->
  <testcase name="TC17" time="0.002" classname="testScripts.ValetParking">
    <skipped/>
  </testcase> <!-- TC17 -->
  <testcase name="TC18" time="0.001" classname="testScripts.ValetParking">
    <skipped/>
  </testcase> <!-- TC18 -->
  <testcase name="TC19" time="0.001" classname="testScripts.ValetParking">
    <skipped/>
  </testcase> <!-- TC19 -->
  <testcase name="TC20" time="0.001" classname="testScripts.ValetParking">
    <skipped/>
  </testcase> <!-- TC20 -->
  <testcase name="TC01" time="0.002" classname="testScripts.ShortTermHourly">
    <skipped/>
  </testcase> <!-- TC01 -->
  <testcase name="TC02" time="0.006" classname="testScripts.ShortTermHourly">
    <skipped/>
  </testcase> <!-- TC02 -->
  <testcase name="TC03" time="0.001" classname="testScripts.ShortTermHourly">
    <skipped/>
  </testcase> <!-- TC03 -->
  <testcase name="TC04" time="0.001" classname="testScripts.ShortTermHourly">
    <skipped/>
  </testcase> <!-- TC04 -->
  <testcase name="TC05" time="0.002" classname="testScripts.ShortTermHourly">
    <skipped/>
  </testcase> <!-- TC05 -->
  <testcase name="TC06" time="0.002" classname="testScripts.ShortTermHourly">
    <skipped/>
  </testcase> <!-- TC06 -->
  <testcase name="TC07" time="0.002" classname="testScripts.ShortTermHourly">
    <skipped/>
  </testcase> <!-- TC07 -->
  <testcase name="TC08" time="0.001" classname="testScripts.ShortTermHourly">
    <skipped/>
  </testcase> <!-- TC08 -->
  <testcase name="TC09" time="0.001" classname="testScripts.ShortTermHourly">
    <skipped/>
  </testcase> <!-- TC09 -->
  <testcase name="TC10" time="0.001" classname="testScripts.ShortTermHourly">
    <skipped/>
  </testcase> <!-- TC10 -->
  <testcase name="TC11" time="0.002" classname="testScripts.ShortTermHourly">
    <skipped/>
  </testcase> <!-- TC11 -->
  <testcase name="TC12" time="0.001" classname="testScripts.ShortTermHourly">
    <skipped/>
  </testcase> <!-- TC12 -->
  <testcase name="TC13" time="0.001" classname="testScripts.ShortTermHourly">
    <skipped/>
  </testcase> <!-- TC13 -->
  <testcase name="TC14" time="0.001" classname="testScripts.ShortTermHourly">
    <skipped/>
  </testcase> <!-- TC14 -->
  <testcase name="TC15" time="0.002" classname="testScripts.ShortTermHourly">
    <skipped/>
  </testcase> <!-- TC15 -->
  <testcase name="TC16" time="0.001" classname="testScripts.ShortTermHourly">
    <skipped/>
  </testcase> <!-- TC16 -->
  <testcase name="TC17" time="0.001" classname="testScripts.ShortTermHourly">
    <skipped/>
  </testcase> <!-- TC17 -->
  <testcase name="TC18" time="0.001" classname="testScripts.ShortTermHourly">
    <skipped/>
  </testcase> <!-- TC18 -->
  <testcase name="TC19" time="0.059" classname="testScripts.ShortTermHourly">
    <skipped/>
  </testcase> <!-- TC19 -->
  <testcase name="TC20" time="0.001" classname="testScripts.ShortTermHourly">
    <skipped/>
  </testcase> <!-- TC20 -->
  <testcase name="TC01" time="0.001" classname="testScripts.LongTermGarage">
    <skipped/>
  </testcase> <!-- TC01 -->
  <testcase name="TC02" time="0.001" classname="testScripts.LongTermGarage">
    <skipped/>
  </testcase> <!-- TC02 -->
  <testcase name="TC03" time="0.001" classname="testScripts.LongTermGarage">
    <skipped/>
  </testcase> <!-- TC03 -->
  <testcase name="TC04" time="0.001" classname="testScripts.LongTermGarage">
    <skipped/>
  </testcase> <!-- TC04 -->
  <testcase name="TC05" time="0.007" classname="testScripts.LongTermGarage">
    <skipped/>
  </testcase> <!-- TC05 -->
  <testcase name="TC06" time="0.001" classname="testScripts.LongTermGarage">
    <skipped/>
  </testcase> <!-- TC06 -->
  <testcase name="TC07" time="0.001" classname="testScripts.LongTermGarage">
    <skipped/>
  </testcase> <!-- TC07 -->
  <testcase name="TC08" time="0.001" classname="testScripts.LongTermGarage">
    <skipped/>
  </testcase> <!-- TC08 -->
  <testcase name="TC09" time="0.003" classname="testScripts.LongTermGarage">
    <skipped/>
  </testcase> <!-- TC09 -->
  <testcase name="TC10" time="0.001" classname="testScripts.LongTermGarage">
    <skipped/>
  </testcase> <!-- TC10 -->
  <testcase name="TC11" time="0.001" classname="testScripts.LongTermGarage">
    <skipped/>
  </testcase> <!-- TC11 -->
  <testcase name="TC12" time="0.001" classname="testScripts.LongTermGarage">
    <skipped/>
  </testcase> <!-- TC12 -->
  <testcase name="TC13" time="0.002" classname="testScripts.LongTermGarage">
    <skipped/>
  </testcase> <!-- TC13 -->
  <testcase name="TC14" time="0.0" classname="testScripts.LongTermGarage">
    <skipped/>
  </testcase> <!-- TC14 -->
  <testcase name="TC15" time="0.001" classname="testScripts.LongTermGarage">
    <skipped/>
  </testcase> <!-- TC15 -->
  <testcase name="TC16" time="0.0" classname="testScripts.LongTermGarage">
    <skipped/>
  </testcase> <!-- TC16 -->
  <testcase name="TC17" time="0.001" classname="testScripts.LongTermGarage">
    <skipped/>
  </testcase> <!-- TC17 -->
  <testcase name="TC18" time="0.002" classname="testScripts.LongTermGarage">
    <skipped/>
  </testcase> <!-- TC18 -->
  <testcase name="TC19" time="0.0" classname="testScripts.LongTermGarage">
    <skipped/>
  </testcase> <!-- TC19 -->
  <testcase name="TC20" time="0.0" classname="testScripts.LongTermGarage">
    <skipped/>
  </testcase> <!-- TC20 -->
  <testcase name="TC01" time="0.001" classname="testScripts.LongTermSurface">
    <skipped/>
  </testcase> <!-- TC01 -->
  <testcase name="TC02" time="0.001" classname="testScripts.LongTermSurface">
    <skipped/>
  </testcase> <!-- TC02 -->
  <testcase name="TC03" time="0.001" classname="testScripts.LongTermSurface">
    <skipped/>
  </testcase> <!-- TC03 -->
  <testcase name="TC04" time="0.001" classname="testScripts.LongTermSurface">
    <skipped/>
  </testcase> <!-- TC04 -->
  <testcase name="TC05" time="0.0" classname="testScripts.LongTermSurface">
    <skipped/>
  </testcase> <!-- TC05 -->
  <testcase name="TC06" time="0.0" classname="testScripts.LongTermSurface">
    <skipped/>
  </testcase> <!-- TC06 -->
  <testcase name="TC07" time="0.001" classname="testScripts.LongTermSurface">
    <skipped/>
  </testcase> <!-- TC07 -->
  <testcase name="TC08" time="0.001" classname="testScripts.LongTermSurface">
    <skipped/>
  </testcase> <!-- TC08 -->
  <testcase name="TC09" time="0.001" classname="testScripts.LongTermSurface">
    <skipped/>
  </testcase> <!-- TC09 -->
  <testcase name="TC10" time="0.001" classname="testScripts.LongTermSurface">
    <skipped/>
  </testcase> <!-- TC10 -->
  <testcase name="TC11" time="0.0" classname="testScripts.LongTermSurface">
    <skipped/>
  </testcase> <!-- TC11 -->
  <testcase name="TC12" time="0.001" classname="testScripts.LongTermSurface">
    <skipped/>
  </testcase> <!-- TC12 -->
  <testcase name="TC13" time="0.002" classname="testScripts.LongTermSurface">
    <skipped/>
  </testcase> <!-- TC13 -->
  <testcase name="TC14" time="0.001" classname="testScripts.LongTermSurface">
    <skipped/>
  </testcase> <!-- TC14 -->
  <testcase name="TC15" time="0.0" classname="testScripts.LongTermSurface">
    <skipped/>
  </testcase> <!-- TC15 -->
  <testcase name="TC16" time="0.001" classname="testScripts.LongTermSurface">
    <skipped/>
  </testcase> <!-- TC16 -->
  <testcase name="TC17" time="0.001" classname="testScripts.LongTermSurface">
    <skipped/>
  </testcase> <!-- TC17 -->
  <testcase name="TC18" time="0.001" classname="testScripts.LongTermSurface">
    <skipped/>
  </testcase> <!-- TC18 -->
  <testcase name="TC19" time="0.001" classname="testScripts.LongTermSurface">
    <skipped/>
  </testcase> <!-- TC19 -->
  <testcase name="TC20" time="0.001" classname="testScripts.LongTermSurface">
    <skipped/>
  </testcase> <!-- TC20 -->
  <testcase name="TC01" time="0.0" classname="testScripts.EconomyLot">
    <skipped/>
  </testcase> <!-- TC01 -->
  <testcase name="TC02" time="0.001" classname="testScripts.EconomyLot">
    <skipped/>
  </testcase> <!-- TC02 -->
  <testcase name="TC03" time="0.001" classname="testScripts.EconomyLot">
    <skipped/>
  </testcase> <!-- TC03 -->
  <testcase name="TC04" time="0.0" classname="testScripts.EconomyLot">
    <skipped/>
  </testcase> <!-- TC04 -->
  <testcase name="TC05" time="0.001" classname="testScripts.EconomyLot">
    <skipped/>
  </testcase> <!-- TC05 -->
  <testcase name="TC06" time="0.003" classname="testScripts.EconomyLot">
    <skipped/>
  </testcase> <!-- TC06 -->
  <testcase name="TC07" time="0.0" classname="testScripts.EconomyLot">
    <skipped/>
  </testcase> <!-- TC07 -->
  <testcase name="TC08" time="0.001" classname="testScripts.EconomyLot">
    <skipped/>
  </testcase> <!-- TC08 -->
  <testcase name="TC09" time="0.002" classname="testScripts.EconomyLot">
    <skipped/>
  </testcase> <!-- TC09 -->
  <testcase name="TC10" time="0.001" classname="testScripts.EconomyLot">
    <skipped/>
  </testcase> <!-- TC10 -->
  <testcase name="TC11" time="0.001" classname="testScripts.EconomyLot">
    <skipped/>
  </testcase> <!-- TC11 -->
  <testcase name="TC12" time="0.005" classname="testScripts.EconomyLot">
    <skipped/>
  </testcase> <!-- TC12 -->
  <testcase name="TC13" time="0.0" classname="testScripts.EconomyLot">
    <skipped/>
  </testcase> <!-- TC13 -->
  <testcase name="TC14" time="0.001" classname="testScripts.EconomyLot">
    <skipped/>
  </testcase> <!-- TC14 -->
  <testcase name="TC15" time="0.0" classname="testScripts.EconomyLot">
    <skipped/>
  </testcase> <!-- TC15 -->
  <testcase name="TC16" time="0.001" classname="testScripts.EconomyLot">
    <skipped/>
  </testcase> <!-- TC16 -->
  <testcase name="TC17" time="0.0" classname="testScripts.EconomyLot">
    <skipped/>
  </testcase> <!-- TC17 -->
  <testcase name="TC18" time="0.001" classname="testScripts.EconomyLot">
    <skipped/>
  </testcase> <!-- TC18 -->
  <testcase name="TC19" time="0.0" classname="testScripts.EconomyLot">
    <skipped/>
  </testcase> <!-- TC19 -->
  <testcase name="TC20" time="0.001" classname="testScripts.EconomyLot">
    <skipped/>
  </testcase> <!-- TC20 -->
</testsuite> <!-- FirefoxTest -->
