<?xml version="1.0" encoding="UTF-8"?>
<testng-results skipped="0" failed="0" total="2" passed="2">
  <reporter-output>
  </reporter-output>
  <suite name="Suite" duration-ms="14919" started-at="2021-01-02T16:08:29Z" finished-at="2021-01-02T16:08:44Z">
    <groups>
    </groups>
    <test name="Test" duration-ms="14919" started-at="2021-01-02T16:08:29Z" finished-at="2021-01-02T16:08:44Z">
      <class name="pageObjects.ParkingCost">
        <test-method status="PASS" signature="launch_browser(java.lang.String)[pri:0, instance:pageObjects.ParkingCost@6a4f787b]" name="launch_browser" is-config="true" duration-ms="11355" started-at="2021-01-02T21:38:29Z" finished-at="2021-01-02T21:38:41Z">
          <params>
            <param index="0">
              <value>
                <![CDATA[Chrome]]>
              </value>
            </param>
          </params>
          <reporter-output>
          </reporter-output>
        </test-method> <!-- launch_browser -->
        <test-method status="PASS" signature="TC01()[pri:0, instance:pageObjects.ParkingCost@6a4f787b]" name="TC01" duration-ms="9" started-at="2021-01-02T21:38:41Z" finished-at="2021-01-02T21:38:41Z">
          <reporter-output>
          </reporter-output>
        </test-method> <!-- TC01 -->
        <test-method status="PASS" signature="TC02()[pri:0, instance:pageObjects.ParkingCost@6a4f787b]" name="TC02" duration-ms="2320" started-at="2021-01-02T21:38:41Z" finished-at="2021-01-02T21:38:43Z">
          <reporter-output>
          </reporter-output>
        </test-method> <!-- TC02 -->
        <test-method status="PASS" signature="close_Browser()[pri:0, instance:pageObjects.ParkingCost@6a4f787b]" name="close_Browser" is-config="true" duration-ms="1203" started-at="2021-01-02T21:38:43Z" finished-at="2021-01-02T21:38:44Z">
          <reporter-output>
          </reporter-output>
        </test-method> <!-- close_Browser -->
      </class> <!-- pageObjects.ParkingCost -->
    </test> <!-- Test -->
  </suite> <!-- Suite -->
</testng-results>
